c:\users\johnpower\source\repos\ogladvanced\ogladvanced\x64\debug\ogladvanced.pch
c:\users\johnpower\source\repos\ogladvanced\ogladvanced\x64\debug\vc141.pdb
c:\users\johnpower\source\repos\ogladvanced\ogladvanced\x64\debug\vc141.idb
c:\users\johnpower\source\repos\ogladvanced\ogladvanced\x64\debug\pch.obj
c:\users\johnpower\source\repos\ogladvanced\ogladvanced\x64\debug\glad.obj
c:\users\johnpower\source\repos\ogladvanced\ogladvanced\x64\debug\ogladvanced.obj
c:\users\johnpower\source\repos\ogladvanced\x64\debug\ogladvanced.exe
c:\users\johnpower\source\repos\ogladvanced\x64\debug\ogladvanced.ilk
c:\users\johnpower\source\repos\ogladvanced\x64\debug\ogladvanced.pdb
c:\users\johnpower\source\repos\ogladvanced\ogladvanced\x64\debug\nativecodeanalysis.read.1.tlog
c:\users\johnpower\source\repos\ogladvanced\ogladvanced\x64\debug\glad.nativecodeanalysis.xml
c:\users\johnpower\source\repos\ogladvanced\ogladvanced\x64\debug\ogladvanced.nativecodeanalysis.xml
c:\users\johnpower\source\repos\ogladvanced\ogladvanced\x64\debug\pch.nativecodeanalysis.xml
c:\users\johnpower\source\repos\ogladvanced\ogladvanced\x64\debug\vc.nativecodeanalysis.all.xml
c:\users\johnpower\source\repos\ogladvanced\ogladvanced\x64\debug\ogladvanced.tlog\cl.command.1.tlog
c:\users\johnpower\source\repos\ogladvanced\ogladvanced\x64\debug\ogladvanced.tlog\cl.read.1.tlog
c:\users\johnpower\source\repos\ogladvanced\ogladvanced\x64\debug\ogladvanced.tlog\cl.write.1.tlog
c:\users\johnpower\source\repos\ogladvanced\ogladvanced\x64\debug\ogladvanced.tlog\link.command.1.tlog
c:\users\johnpower\source\repos\ogladvanced\ogladvanced\x64\debug\ogladvanced.tlog\link.read.1.tlog
c:\users\johnpower\source\repos\ogladvanced\ogladvanced\x64\debug\ogladvanced.tlog\link.write.1.tlog
